<?xml version="1.0" encoding="UTF-8"?>
<!-- Generated by org.testng.reporters.JUnitXMLReporter -->
<testsuite hostname="LAPTOP-HGVSNOTG" name="Test Automation" tests="2" failures="1" timestamp="14 Oct 2021 21:11:42 GMT" time="19.787" errors="0">
  <testcase name="fullTestMethod" time="4.662" classname="test.java.SampleTest">
    <skipped/>
  </testcase> <!-- fullTestMethod -->
  <testcase name="fullTestMethod" time="4.494" classname="test.java.SampleTest">
    <failure type="org.openqa.selenium.ElementClickInterceptedException" message="element click intercepted: Element &amp;lt;a href=&amp;quot;javascript:void(0)&amp;quot; role=&amp;quot;link&amp;quot; class=&amp;quot;create-new-account ng-scope&amp;quot; translate=&amp;quot;CREATE_NEW_ACCOUNT&amp;quot; data-ng-click=&amp;quot;createNewAccount()&amp;quot;&amp;gt;...&amp;lt;/a&amp;gt; is not clickable at point (768, 524). Other element would receive the click: &amp;lt;div class=&amp;quot;loader&amp;quot; style=&amp;quot;display: block; opacity: 1;&amp;quot;&amp;gt;...&amp;lt;/div&amp;gt;
  (Session info: chrome=94.0.4606.81)
Build info: version: &amp;apos;3.8.1&amp;apos;, revision: &amp;apos;6e95a6684b&amp;apos;, time: &amp;apos;2017-12-01T18:33:54.468Z&amp;apos;
System info: host: &amp;apos;LAPTOP-HGVSNOTG&amp;apos;, ip: &amp;apos;192.168.3.9&amp;apos;, os.name: &amp;apos;Windows 10&amp;apos;, os.arch: &amp;apos;amd64&amp;apos;, os.version: &amp;apos;10.0&amp;apos;, java.version: &amp;apos;1.8.0_202&amp;apos;
Driver info: org.openqa.selenium.chrome.ChromeDriver
Capabilities {acceptInsecureCerts: false, browserName: chrome, browserVersion: 94.0.4606.81, chrome: {chromedriverVersion: 94.0.4606.61 (418b78f5838ed..., userDataDir: C:\Users\juani\AppData\Loca...}, goog:chromeOptions: {debuggerAddress: localhost:62925}, javascriptEnabled: true, networkConnectionEnabled: false, pageLoadStrategy: normal, platform: WINDOWS, platformName: WINDOWS, proxy: Proxy(), setWindowRect: true, strictFileInteractability: false, timeouts: {implicit: 0, pageLoad: 300000, script: 30000}, unhandledPromptBehavior: dismiss and notify, webauthn:extension:credBlob: true, webauthn:extension:largeBlob: true, webauthn:virtualAuthenticators: true}
Session ID: c5ba6414d81dad75d7978157b1ce4d1c">
      <![CDATA[org.openqa.selenium.ElementClickInterceptedException: element click intercepted: Element <a href="javascript:void(0)" role="link" class="create-new-account ng-scope" translate="CREATE_NEW_ACCOUNT" data-ng-click="createNewAccount()">...</a> is not clickable at point (768, 524). Other element would receive the click: <div class="loader" style="display: block; opacity: 1;">...</div>
  (Session info: chrome=94.0.4606.81)
Build info: version: '3.8.1', revision: '6e95a6684b', time: '2017-12-01T18:33:54.468Z'
System info: host: 'LAPTOP-HGVSNOTG', ip: '192.168.3.9', os.name: 'Windows 10', os.arch: 'amd64', os.version: '10.0', java.version: '1.8.0_202'
Driver info: org.openqa.selenium.chrome.ChromeDriver
Capabilities {acceptInsecureCerts: false, browserName: chrome, browserVersion: 94.0.4606.81, chrome: {chromedriverVersion: 94.0.4606.61 (418b78f5838ed..., userDataDir: C:\Users\juani\AppData\Loca...}, goog:chromeOptions: {debuggerAddress: localhost:62925}, javascriptEnabled: true, networkConnectionEnabled: false, pageLoadStrategy: normal, platform: WINDOWS, platformName: WINDOWS, proxy: Proxy(), setWindowRect: true, strictFileInteractability: false, timeouts: {implicit: 0, pageLoad: 300000, script: 30000}, unhandledPromptBehavior: dismiss and notify, webauthn:extension:credBlob: true, webauthn:extension:largeBlob: true, webauthn:virtualAuthenticators: true}
Session ID: c5ba6414d81dad75d7978157b1ce4d1c
	at org.openqa.selenium.remote.http.W3CHttpResponseCodec.createException(W3CHttpResponseCodec.java:187)
	at org.openqa.selenium.remote.http.W3CHttpResponseCodec.decode(W3CHttpResponseCodec.java:122)
	at org.openqa.selenium.remote.http.W3CHttpResponseCodec.decode(W3CHttpResponseCodec.java:49)
	at org.openqa.selenium.remote.HttpCommandExecutor.execute(HttpCommandExecutor.java:164)
	at org.openqa.selenium.remote.service.DriverCommandExecutor.execute(DriverCommandExecutor.java:83)
	at org.openqa.selenium.remote.RemoteWebDriver.execute(RemoteWebDriver.java:601)
	at org.openqa.selenium.remote.RemoteWebElement.execute(RemoteWebElement.java:279)
	at org.openqa.selenium.remote.RemoteWebElement.click(RemoteWebElement.java:83)
	at main.java.pageEvents.MenuPageEvents.onModalOpen(MenuPageEvents.java:30)
	at test.java.SampleTest.fullTestMethod(SampleTest.java:21)
... Removed 28 stack frames]]>
    </failure>
  </testcase> <!-- fullTestMethod -->
</testsuite> <!-- Test Automation -->
