<?xml version="1.0" encoding="UTF-8"?>
<!-- Generated by org.testng.reporters.JUnitXMLReporter -->
<testsuite hostname="julio" name="Default test" tests="1" failures="0" timestamp="4 Oct 2021 23:31:38 GMT" time="0.09" errors="0">
  <testcase name="@BeforeMethod beforeMethodMethod" time="0.0" classname="test.java.SampleTest">
    <failure type="org.testng.TestNGException" message="
Parameter &amp;apos;browserName&amp;apos; is required by @Configuration on method beforeMethodMethod but has not been marked @Optional or defined
in C:\Users\leonm\AppData\Local\Temp\testng-eclipse-453151724\testng-customsuite.xml">
      <![CDATA[org.testng.TestNGException: 
Parameter 'browserName' is required by @Configuration on method beforeMethodMethod but has not been marked @Optional or defined
in C:\Users\leonm\AppData\Local\Temp\testng-eclipse-453151724\testng-customsuite.xml
	at org.testng.internal.Parameters.createParameters(Parameters.java:154)
	at org.testng.internal.Parameters.createParameters(Parameters.java:361)
	at org.testng.internal.Parameters.createConfigurationParameters(Parameters.java:84)
	at org.testng.internal.Invoker.invokeConfigurations(Invoker.java:201)
	at org.testng.internal.Invoker.invokeMethod(Invoker.java:589)
	at org.testng.internal.Invoker.invokeTestMethod(Invoker.java:820)
	at org.testng.internal.Invoker.invokeTestMethods(Invoker.java:1128)
	at org.testng.internal.TestMethodWorker.invokeTestMethods(TestMethodWorker.java:129)
	at org.testng.internal.TestMethodWorker.run(TestMethodWorker.java:112)
	at org.testng.TestRunner.privateRun(TestRunner.java:782)
	at org.testng.TestRunner.run(TestRunner.java:632)
	at org.testng.SuiteRunner.runTest(SuiteRunner.java:366)
	at org.testng.SuiteRunner.runSequentially(SuiteRunner.java:361)
	at org.testng.SuiteRunner.privateRun(SuiteRunner.java:319)
	at org.testng.SuiteRunner.run(SuiteRunner.java:268)
	at org.testng.SuiteRunnerWorker.runSuite(SuiteRunnerWorker.java:52)
	at org.testng.SuiteRunnerWorker.run(SuiteRunnerWorker.java:86)
	at org.testng.TestNG.runSuitesSequentially(TestNG.java:1244)
	at org.testng.TestNG.runSuitesLocally(TestNG.java:1169)
	at org.testng.TestNG.run(TestNG.java:1064)
	at org.testng.remote.AbstractRemoteTestNG.run(AbstractRemoteTestNG.java:115)
	at org.testng.remote.RemoteTestNG.initAndRun(RemoteTestNG.java:251)
	at org.testng.remote.RemoteTestNG.main(RemoteTestNG.java:77)
]]>
    </failure>
  </testcase> <!-- @BeforeMethod beforeMethodMethod -->
  <testcase name="@AfterMethod afterMethodMethod" time="0.0" classname="test.java.SampleTest">
    <skipped/>
  </testcase> <!-- @AfterMethod afterMethodMethod -->
  <testcase name="@AfterTest afterTestMethod" time="0.0" classname="test.java.SampleTest">
    <skipped/>
  </testcase> <!-- @AfterTest afterTestMethod -->
  <testcase name="fullTestMethod" time="0.0" classname="test.java.SampleTest">
    <skipped/>
  </testcase> <!-- fullTestMethod -->
</testsuite> <!-- Default test -->
