<!DOCTYPE html PUBLIC "-//W3C//DTD XHTML 1.1//EN" "http://www.w3.org/TR/xhtml11/DTD/xhtml11.dtd">
<html xmlns="http://www.w3.org/1999/xhtml"><head><title>TestNG Report</title><style type="text/css">table {margin-bottom:10px;border-collapse:collapse;empty-cells:show}th,td {border:1px solid #009;padding:.25em .5em}th {vertical-align:bottom}td {vertical-align:top}table a {font-weight:bold}.stripe td {background-color: #E6EBF9}.num {text-align:right}.passedodd td {background-color: #3F3}.passedeven td {background-color: #0A0}.skippedodd td {background-color: #DDD}.skippedeven td {background-color: #CCC}.failedodd td,.attn {background-color: #F33}.failedeven td,.stripe .attn {background-color: #D00}.stacktrace {white-space:pre;font-family:monospace}.totop {font-size:85%;text-align:center;border-bottom:2px solid #000}</style></head><body><table><tr><th>Test</th><th># Passed</th><th># Skipped</th><th># Failed</th><th>Time (ms)</th><th>Included Groups</th><th>Excluded Groups</th></tr><tr><th colspan="7">Sample Test Suite</th></tr><tr><td><a href="#t0">Test Automation</a></td><td class="num">0</td><td class="num attn">1</td><td class="num attn">1</td><td class="num">69,289</td><td></td><td></td></tr></table><table><thead><tr><th>Class</th><th>Method</th><th>Start</th><th>Time (ms)</th></tr></thead><tbody><tr><th colspan="4">Sample Test Suite</th></tr></tbody><tbody id="t0"><tr><th colspan="4">Test Automation &#8212; failed</th></tr><tr class="failedeven"><td rowspan="1">test.java.SampleTest</td><td><a href="#m0">fullTestMethod</a></td><td rowspan="1">1633451073328</td><td rowspan="1">44254</td></tr><tr><th colspan="4">Test Automation &#8212; skipped</th></tr><tr class="skippedeven"><td rowspan="1">test.java.SampleTest</td><td><a href="#m1">fullTestMethod</a></td><td rowspan="1">1633451052052</td><td rowspan="1">18971</td></tr></tbody></table><h2>Test Automation</h2><h3 id="m0">test.java.SampleTest#fullTestMethod</h3><table class="result"><tr><th>Exception</th></tr><tr><td><div class="stacktrace">java.lang.AssertionError: Registration failed expected [true] but found [false]
	at main.java.pageEvents.RegisterPageEvents.validateRegister(RegisterPageEvents.java:113)
	at test.java.SampleTest.fullTestMethod(SampleTest.java:25)
... Removed 27 stack frames</div></td></tr></table><p class="totop"><a href="#summary">back to summary</a></p><h3 id="m1">test.java.SampleTest#fullTestMethod</h3><table class="result"><tr><th>Exception</th></tr><tr><td><div class="stacktrace">org.openqa.selenium.TimeoutException: Expected condition failed: waiting for visibility of element located by By.xpath: //*[@id=&apos;paymentMethod&apos;]/div/div[1]/div[1]/input (tried for 10 second(s) with 250 MILLISECONDS interval)
Build info: version: &apos;3.8.1&apos;, revision: &apos;6e95a6684b&apos;, time: &apos;2017-12-01T18:33:54.468Z&apos;
System info: host: &apos;JULIO&apos;, ip: &apos;192.168.100.147&apos;, os.name: &apos;Windows 10&apos;, os.arch: &apos;amd64&apos;, os.version: &apos;10.0&apos;, java.version: &apos;1.8.0_202&apos;
Driver info: driver.version: unknown
	at org.openqa.selenium.support.ui.FluentWait.timeoutException(FluentWait.java:263)
	at org.openqa.selenium.support.ui.FluentWait.until(FluentWait.java:231)
	at main.java.pageEvents.PaymentPageEvents.paymentSelection(PaymentPageEvents.java:33)
	at test.java.SampleTest.fullTestMethod(SampleTest.java:41)
... Removed 24 stack frames</div></td></tr></table><p class="totop"><a href="#summary">back to summary</a></p></body></html>